<?xml version="1.0" encoding="UTF-8"?>
<testsuite name="TestFizzBuzz" tests="8" skipped="0" failures="0" errors="0" timestamp="2025-10-04T15:15:51" hostname="alieni" time="0.072">
  <properties/>
  <testcase name="transformZero()" classname="TestFizzBuzz" time="0.037"/>
  <testcase name="transformFizzFizzBuzzNumber()" classname="TestFizzBuzz" time="0.005"/>
  <testcase name="transformFizzNumber()" classname="TestFizzBuzz" time="0.003"/>
  <testcase name="transformBuzzNumber()" classname="TestFizzBuzz" time="0.002"/>
  <testcase name="transformFizzBuzzBuzzNumber()" classname="TestFizzBuzz" time="0.002"/>
  <testcase name="transformFizzBuzzNumber()" classname="TestFizzBuzz" time="0.002"/>
  <testcase name="transformNegativeNumber()" classname="TestFizzBuzz" time="0.003"/>
  <testcase name="transformNormalNumber()" classname="TestFizzBuzz" time="0.003"/>
  <system-out><![CDATA[]]></system-out>
  <system-err><![CDATA[]]></system-err>
</testsuite>
