<?xml version="1.0" encoding="UTF-8"?>
<testsuite name="TestObservers" tests="3" skipped="0" failures="0" errors="0" timestamp="2025-10-05T01:16:52" hostname="alieni" time="0.076">
  <properties/>
  <testcase name="testCelsius()" classname="TestObservers" time="0.044"/>
  <testcase name="testRemoveObserver()" classname="TestObservers" time="0.022"/>
  <testcase name="testThreeObservers()" classname="TestObservers" time="0.004"/>
  <system-out><![CDATA[Current conditions: 20.0C degrees
Current conditions: 80.0F degrees and 65.0% humidity
Avg/Max/Min temperature = 80.0/80.0/80.0
Forecast: Improving weather on the way!
Current conditions: 82.0F degrees and 70.0% humidity
Avg/Max/Min temperature = 81.0/82.0/80.0
Forecast: Watch out for cooler, rainy weather
Current conditions: 78.0F degrees and 90.0% humidity
Avg/Max/Min temperature = 80.0/82.0/78.0
Forecast: More of the same
Current conditions: 62.0F degrees and 90.0% humidity
Avg/Max/Min temperature = 75.5/82.0/62.0
Current conditions: 80.0F degrees and 65.0% humidity
Avg/Max/Min temperature = 80.0/80.0/80.0
Forecast: Improving weather on the way!
Current conditions: 82.0F degrees and 70.0% humidity
Avg/Max/Min temperature = 81.0/82.0/80.0
Forecast: Watch out for cooler, rainy weather
Current conditions: 78.0F degrees and 90.0% humidity
Avg/Max/Min temperature = 80.0/82.0/78.0
Forecast: More of the same
]]></system-out>
  <system-err><![CDATA[]]></system-err>
</testsuite>
