<?xml version="1.0" encoding="UTF-8"?>
<testsuite name="abstractfactory.TestAbstractFactory" tests="3" skipped="0" failures="0" errors="0" timestamp="2025-10-05T16:47:33" hostname="alieni" time="0.017">
  <properties/>
  <testcase name="testOrderChicagoPizza()" classname="abstractfactory.TestAbstractFactory" time="0.007"/>
  <testcase name="testOrderNYPizza()" classname="abstractfactory.TestAbstractFactory" time="0.004"/>
  <testcase name="testOrderArgentinaPizza()" classname="abstractfactory.TestAbstractFactory" time="0.004"/>
  <system-out><![CDATA[--- Making a Chicago Style Cheese Pizza ---
Preparing Chicago Style Cheese Pizza
Bake for 25 minutes at 350
Cutting the pizza into diagonal slices
Place pizza in official PizzaStore box
Joel ordered a ---- Chicago Style Cheese Pizza ----
ThickCrust style extra thick crust dough
Tomato sauce with plum tomatoes
Shredded Mozzarella


--- Making a Chicago Style Clam Pizza ---
Preparing Chicago Style Clam Pizza
Bake for 25 minutes at 350
Cutting the pizza into diagonal slices
Place pizza in official PizzaStore box
Joel ordered a ---- Chicago Style Clam Pizza ----
ThickCrust style extra thick crust dough
Tomato sauce with plum tomatoes
Shredded Mozzarella
Frozen Clams from Chesapeake Bay


--- Making a Chicago Style Pepperoni Pizza ---
Preparing Chicago Style Pepperoni Pizza
Bake for 25 minutes at 350
Cutting the pizza into diagonal slices
Place pizza in official PizzaStore box
Joel ordered a ---- Chicago Style Pepperoni Pizza ----
ThickCrust style extra thick crust dough
Tomato sauce with plum tomatoes
Shredded Mozzarella
Black Olives, Spinach, Eggplant
Sliced Pepperoni


--- Making a Chicago Style Veggie Pizza ---
Preparing Chicago Style Veggie Pizza
Bake for 25 minutes at 350
Cutting the pizza into diagonal slices
Place pizza in official PizzaStore box
Joel ordered a ---- Chicago Style Veggie Pizza ----
ThickCrust style extra thick crust dough
Tomato sauce with plum tomatoes
Shredded Mozzarella
Black Olives, Spinach, Eggplant


--- Making a New York Style Cheese Pizza ---
Preparing New York Style Cheese Pizza
Bake for 25 minutes at 350
Cutting the pizza into diagonal slices
Place pizza in official PizzaStore box
Ethan ordered a ---- New York Style Cheese Pizza ----
Thin Crust Dough
Marinara Sauce
Reggiano Cheese


--- Making a New York Style Clam Pizza ---
Preparing New York Style Clam Pizza
Bake for 25 minutes at 350
Cutting the pizza into diagonal slices
Place pizza in official PizzaStore box
Ethan ordered a ---- New York Style Clam Pizza ----
Thin Crust Dough
Marinara Sauce
Reggiano Cheese
Fresh Clams from Long Island Sound


--- Making a New York Style Pepperoni Pizza ---
Preparing New York Style Pepperoni Pizza
Bake for 25 minutes at 350
Cutting the pizza into diagonal slices
Place pizza in official PizzaStore box
Ethan ordered a ---- New York Style Pepperoni Pizza ----
Thin Crust Dough
Marinara Sauce
Reggiano Cheese
Garlic, Onion, Mushrooms, Red Pepper
Sliced Pepperoni


--- Making a New York Style Veggie Pizza ---
Preparing New York Style Veggie Pizza
Bake for 25 minutes at 350
Cutting the pizza into diagonal slices
Place pizza in official PizzaStore box
Ethan ordered a ---- New York Style Veggie Pizza ----
Thin Crust Dough
Marinara Sauce
Reggiano Cheese
Garlic, Onion, Mushrooms, Red Pepper


--- Making a Argentina Style Cheese Pizza ---
Preparing Argentina Style Cheese Pizza
Bake for 25 minutes at 350
Cutting the pizza into diagonal slices
Place pizza in official PizzaStore box
Peron ordered a ---- Argentina Style Cheese Pizza ----
ArgentineDough style extra thick crust dough
Argentine Sauce
Argentine Mozzarella


--- Making a Argentina Style Clam Pizza ---
Preparing Argentina Style Clam Pizza
Bake for 25 minutes at 350
Cutting the pizza into diagonal slices
Place pizza in official PizzaStore box
Peron ordered a ---- Argentina Style Clam Pizza ----
ArgentineDough style extra thick crust dough
Argentine Sauce
Argentine Mozzarella
Argentine clams


--- Making a Argentina Style Pepperoni Pizza ---
Preparing Argentina Style Pepperoni Pizza
Bake for 25 minutes at 350
Cutting the pizza into diagonal slices
Place pizza in official PizzaStore box
Peron ordered a ---- Argentina Style Pepperoni Pizza ----
ArgentineDough style extra thick crust dough
Argentine Sauce
Argentine Mozzarella
Rucula peronista
Argentine Pepperoni


--- Making a Argentina Style Veggie Pizza ---
Preparing Argentina Style Veggie Pizza
Bake for 25 minutes at 350
Cutting the pizza into diagonal slices
Place pizza in official PizzaStore box
Peron ordered a ---- Argentina Style Veggie Pizza ----
ArgentineDough style extra thick crust dough
Argentine Sauce
Argentine Mozzarella
Rucula peronista


]]></system-out>
  <system-err><![CDATA[]]></system-err>
</testsuite>
