<?xml version="1.0" encoding="UTF-8"?>
<testsuite name="factorymethod.TestFactoryMethod" tests="3" skipped="0" failures="0" errors="0" timestamp="2025-10-05T16:09:00" hostname="alieni" time="0.013">
  <properties/>
  <testcase name="testOrderChicagoPizza()" classname="factorymethod.TestFactoryMethod" time="0.004"/>
  <testcase name="testOrderNYPizza()" classname="factorymethod.TestFactoryMethod" time="0.003"/>
  <testcase name="testOrderArgentinaPizza()" classname="factorymethod.TestFactoryMethod" time="0.004"/>
  <system-out><![CDATA[--- Making a Chicago Style Deep Dish Cheese Pizza ---
Prepare Chicago Style Deep Dish Cheese Pizza
Tossing dough...
Adding sauce...
Adding toppings: 
   Shredded Mozzarella Cheese
Bake for 25 minutes at 350
Cutting the pizza into square slices
Place pizza in official PizzaStore box
Joel ordered a Chicago Style Deep Dish Cheese Pizza

--- Making a Chicago Style Clam Pizza ---
Prepare Chicago Style Clam Pizza
Tossing dough...
Adding sauce...
Adding toppings: 
   Shredded Mozzarella Cheese
   Frozen Clams from Chesapeake Bay
Bake for 25 minutes at 350
Cutting the pizza into square slices
Place pizza in official PizzaStore box
Joel ordered a Chicago Style Clam Pizza

--- Making a Chicago Style Pepperoni Pizza ---
Prepare Chicago Style Pepperoni Pizza
Tossing dough...
Adding sauce...
Adding toppings: 
   Shredded Mozzarella Cheese
   Black Olives
   Spinach
   Eggplant
   Sliced Pepperoni
Bake for 25 minutes at 350
Cutting the pizza into square slices
Place pizza in official PizzaStore box
Joel ordered a Chicago Style Pepperoni Pizza

--- Making a Chicago Deep Dish Veggie Pizza ---
Prepare Chicago Deep Dish Veggie Pizza
Tossing dough...
Adding sauce...
Adding toppings: 
   Shredded Mozzarella Cheese
   Black Olives
   Spinach
   Eggplant
Bake for 25 minutes at 350
Cutting the pizza into square slices
Place pizza in official PizzaStore box
Joel ordered a Chicago Deep Dish Veggie Pizza

--- Making a NY Style Sauce and Cheese Pizza ---
Prepare NY Style Sauce and Cheese Pizza
Tossing dough...
Adding sauce...
Adding toppings: 
   Grated Reggiano Cheese
Bake for 25 minutes at 350
Cut the pizza into diagonal slices
Place pizza in official PizzaStore box
Ethan ordered a NY Style Sauce and Cheese Pizza

--- Making a NY Style Clam Pizza ---
Prepare NY Style Clam Pizza
Tossing dough...
Adding sauce...
Adding toppings: 
   Grated Reggiano Cheese
   Fresh Clams from Long Island Sound
Bake for 25 minutes at 350
Cut the pizza into diagonal slices
Place pizza in official PizzaStore box
Ethan ordered a NY Style Clam Pizza

--- Making a NY Style Pepperoni Pizza ---
Prepare NY Style Pepperoni Pizza
Tossing dough...
Adding sauce...
Adding toppings: 
   Grated Reggiano Cheese
   Sliced Pepperoni
   Garlic
   Onion
   Mushrooms
   Red Pepper
Bake for 25 minutes at 350
Cut the pizza into diagonal slices
Place pizza in official PizzaStore box
Ethan ordered a NY Style Pepperoni Pizza

--- Making a NY Style Veggie Pizza ---
Prepare NY Style Veggie Pizza
Tossing dough...
Adding sauce...
Adding toppings: 
   Grated Reggiano Cheese
   Garlic
   Onion
   Mushrooms
   Red Pepper
Bake for 25 minutes at 350
Cut the pizza into diagonal slices
Place pizza in official PizzaStore box
Ethan ordered a NY Style Veggie Pizza

--- Making a Argentina Style Deep Dish Cheese Pizza ---
Prepare Argentina Style Deep Dish Cheese Pizza
Tossing dough...
Adding sauce...
Adding toppings: 
   Shredded Mozzarella Cheese
Bake for 25 minutes at 350
Cutting the pizza into square slices
Place pizza in official PizzaStore box
Peron ordered a Argentina Style Deep Dish Cheese Pizza

--- Making a Argentina Style Clam Pizza ---
Prepare Argentina Style Clam Pizza
Tossing dough...
Adding sauce...
Adding toppings: 
   Shredded Mozzarella Cheese
   Frozen Clams from Chesapeake Bay
Bake for 25 minutes at 350
Cutting the pizza into square slices
Place pizza in official PizzaStore box
Peron ordered a Argentina Style Clam Pizza

--- Making a Argentina Style Pepperoni Pizza ---
Prepare Argentina Style Pepperoni Pizza
Tossing dough...
Adding sauce...
Adding toppings: 
   Shredded Mozzarella Cheese
   Black Olives
   Spinach
   Eggplant
   Sliced Pepperoni
Bake for 25 minutes at 350
Cutting the pizza into square slices
Place pizza in official PizzaStore box
Peron ordered a Argentina Style Pepperoni Pizza

--- Making a Argentina Deep Dish Veggie Pizza ---
Prepare Argentina Deep Dish Veggie Pizza
Tossing dough...
Adding sauce...
Adding toppings: 
   Shredded Mozzarella Cheese
   Black Olives
   Spinach
   Eggplant
Bake for 25 minutes at 350
Cutting the pizza into square slices
Place pizza in official PizzaStore box
Peron ordered a Argentina Deep Dish Veggie Pizza

]]></system-out>
  <system-err><![CDATA[]]></system-err>
</testsuite>
